<?xml version="1.0" encoding="UTF-8"?>
<testsuite xmlns:xsi="http://www.w3.org/2001/XMLSchema-instance" xsi:noNamespaceSchemaLocation="https://maven.apache.org/surefire/maven-surefire-plugin/xsd/surefire-test-report-3.0.xsd" version="3.0" name="com.pplab4_8.mobileCommunication.commands.EditTariffTest" time="0.101" tests="6" errors="0" skipped="0" failures="0">
  <properties>
    <property name="java.specification.version" value="22"/>
    <property name="sun.cpu.isalist" value="amd64"/>
    <property name="sun.jnu.encoding" value="Cp1251"/>
    <property name="java.class.path" value="C:\Users\maksym\IdeaProjects\untitled\target\test-classes;C:\Users\maksym\IdeaProjects\untitled\target\classes;C:\Users\maksym\.m2\repository\org\junit\jupiter\junit-jupiter-api\5.8.2\junit-jupiter-api-5.8.2.jar;C:\Users\maksym\.m2\repository\org\opentest4j\opentest4j\1.2.0\opentest4j-1.2.0.jar;C:\Users\maksym\.m2\repository\org\junit\platform\junit-platform-commons\1.8.2\junit-platform-commons-1.8.2.jar;C:\Users\maksym\.m2\repository\org\apiguardian\apiguardian-api\1.1.2\apiguardian-api-1.1.2.jar;C:\Users\maksym\.m2\repository\org\junit\jupiter\junit-jupiter-engine\5.8.2\junit-jupiter-engine-5.8.2.jar;C:\Users\maksym\.m2\repository\org\junit\platform\junit-platform-engine\1.8.2\junit-platform-engine-1.8.2.jar;C:\Users\maksym\.m2\repository\org\mockito\mockito-core\5.5.0\mockito-core-5.5.0.jar;C:\Users\maksym\.m2\repository\net\bytebuddy\byte-buddy\1.14.6\byte-buddy-1.14.6.jar;C:\Users\maksym\.m2\repository\net\bytebuddy\byte-buddy-agent\1.14.6\byte-buddy-agent-1.14.6.jar;C:\Users\maksym\.m2\repository\org\objenesis\objenesis\3.3\objenesis-3.3.jar;C:\Users\maksym\.m2\repository\org\mockito\mockito-junit-jupiter\5.5.0\mockito-junit-jupiter-5.5.0.jar;C:\Users\maksym\.m2\repository\org\apache\logging\log4j\log4j-core\2.20.0\log4j-core-2.20.0.jar;C:\Users\maksym\.m2\repository\org\apache\logging\log4j\log4j-api\2.20.0\log4j-api-2.20.0.jar;C:\Users\maksym\.m2\repository\javax\mail\mail\1.4.7\mail-1.4.7.jar;C:\Users\maksym\.m2\repository\javax\activation\activation\1.1\activation-1.1.jar;C:\Users\maksym\.m2\repository\com\sun\mail\javax.mail\1.6.2\javax.mail-1.6.2.jar;"/>
    <property name="java.vm.vendor" value="Oracle Corporation"/>
    <property name="sun.arch.data.model" value="64"/>
    <property name="user.variant" value=""/>
    <property name="java.vendor.url" value="https://java.oracle.com/"/>
    <property name="user.timezone" value="Europe/Kiev"/>
    <property name="os.name" value="Windows 10"/>
    <property name="java.vm.specification.version" value="22"/>
    <property name="sun.java.launcher" value="SUN_STANDARD"/>
    <property name="user.country" value="RU"/>
    <property name="sun.boot.library.path" value="C:\Program Files\Java\jdk-22\bin"/>
    <property name="sun.java.command" value="C:\Temp\surefire5314971262036910604\surefirebooter-20241209205358750_3.jar C:\Temp\surefire5314971262036910604 2024-12-09T20-53-58_597-jvmRun1 surefire-20241209205358750_1tmp surefire_0-20241209205358750_2tmp"/>
    <property name="jdk.debug" value="release"/>
    <property name="surefire.test.class.path" value="C:\Users\maksym\IdeaProjects\untitled\target\test-classes;C:\Users\maksym\IdeaProjects\untitled\target\classes;C:\Users\maksym\.m2\repository\org\junit\jupiter\junit-jupiter-api\5.8.2\junit-jupiter-api-5.8.2.jar;C:\Users\maksym\.m2\repository\org\opentest4j\opentest4j\1.2.0\opentest4j-1.2.0.jar;C:\Users\maksym\.m2\repository\org\junit\platform\junit-platform-commons\1.8.2\junit-platform-commons-1.8.2.jar;C:\Users\maksym\.m2\repository\org\apiguardian\apiguardian-api\1.1.2\apiguardian-api-1.1.2.jar;C:\Users\maksym\.m2\repository\org\junit\jupiter\junit-jupiter-engine\5.8.2\junit-jupiter-engine-5.8.2.jar;C:\Users\maksym\.m2\repository\org\junit\platform\junit-platform-engine\1.8.2\junit-platform-engine-1.8.2.jar;C:\Users\maksym\.m2\repository\org\mockito\mockito-core\5.5.0\mockito-core-5.5.0.jar;C:\Users\maksym\.m2\repository\net\bytebuddy\byte-buddy\1.14.6\byte-buddy-1.14.6.jar;C:\Users\maksym\.m2\repository\net\bytebuddy\byte-buddy-agent\1.14.6\byte-buddy-agent-1.14.6.jar;C:\Users\maksym\.m2\repository\org\objenesis\objenesis\3.3\objenesis-3.3.jar;C:\Users\maksym\.m2\repository\org\mockito\mockito-junit-jupiter\5.5.0\mockito-junit-jupiter-5.5.0.jar;C:\Users\maksym\.m2\repository\org\apache\logging\log4j\log4j-core\2.20.0\log4j-core-2.20.0.jar;C:\Users\maksym\.m2\repository\org\apache\logging\log4j\log4j-api\2.20.0\log4j-api-2.20.0.jar;C:\Users\maksym\.m2\repository\javax\mail\mail\1.4.7\mail-1.4.7.jar;C:\Users\maksym\.m2\repository\javax\activation\activation\1.1\activation-1.1.jar;C:\Users\maksym\.m2\repository\com\sun\mail\javax.mail\1.6.2\javax.mail-1.6.2.jar;"/>
    <property name="sun.cpu.endian" value="little"/>
    <property name="user.home" value="C:\Users\maksym"/>
    <property name="user.language" value="ru"/>
    <property name="java.specification.vendor" value="Oracle Corporation"/>
    <property name="java.version.date" value="2024-07-16"/>
    <property name="java.home" value="C:\Program Files\Java\jdk-22"/>
    <property name="file.separator" value="\"/>
    <property name="basedir" value="C:\Users\maksym\IdeaProjects\untitled"/>
    <property name="java.vm.compressedOopsMode" value="Zero based"/>
    <property name="line.separator" value="&#10;"/>
    <property name="java.vm.specification.vendor" value="Oracle Corporation"/>
    <property name="java.specification.name" value="Java Platform API Specification"/>
    <property name="surefire.real.class.path" value="C:\Temp\surefire5314971262036910604\surefirebooter-20241209205358750_3.jar"/>
    <property name="user.script" value=""/>
    <property name="sun.management.compiler" value="HotSpot 64-Bit Tiered Compilers"/>
    <property name="java.runtime.version" value="22.0.2+9-70"/>
    <property name="user.name" value="maksym"/>
    <property name="stdout.encoding" value="Cp1251"/>
    <property name="path.separator" value=";"/>
    <property name="os.version" value="10.0"/>
    <property name="java.runtime.name" value="Java(TM) SE Runtime Environment"/>
    <property name="file.encoding" value="UTF-8"/>
    <property name="java.vm.name" value="Java HotSpot(TM) 64-Bit Server VM"/>
    <property name="localRepository" value="C:\Users\maksym\.m2\repository"/>
    <property name="java.vendor.url.bug" value="https://bugreport.java.com/bugreport/"/>
    <property name="java.io.tmpdir" value="C:\Temp\"/>
    <property name="java.version" value="22.0.2"/>
    <property name="user.dir" value="C:\Users\maksym\IdeaProjects\untitled"/>
    <property name="os.arch" value="amd64"/>
    <property name="java.vm.specification.name" value="Java Virtual Machine Specification"/>
    <property name="sun.os.patch.level" value=""/>
    <property name="native.encoding" value="Cp1251"/>
    <property name="java.library.path" value="C:\Program Files\Java\jdk-22\bin;C:\Windows\Sun\Java\bin;C:\Windows\system32;C:\Windows;C:\Program Files\Common Files\Oracle\Java\javapath;C:\Program Files (x86)\Common Files\Oracle\Java\java8path;C:\Program Files (x86)\Common Files\Oracle\Java\javapath;C:\Windows\system32;C:\Windows;C:\Windows\System32\Wbem;C:\Windows\System32\WindowsPowerShell\v1.0\;C:\Users\maksym\AppData\Local\Programs\Python\Python312;C:\Users\maksym\AppData\Local\Programs\Python\Python312\Scripts;C:\Program Files (x86)\Microsoft SQL Server\160\Tools\Binn\;C:\Program Files\Microsoft SQL Server\160\Tools\Binn\;C:\Program Files\Microsoft SQL Server\Client SDK\ODBC\170\Tools\Binn\;C:\Program Files\Microsoft SQL Server\160\DTS\Binn\;C:\Program Files (x86)\Microsoft SQL Server\160\DTS\Binn\;C:\Program Files\Git\cmd;C:\Program Files\apache-maven-3.9.9\bin;C:\Users\maksym\AppData\Local\Programs\Python\Launcher\;C:\Users\maksym\AppData\Local\Microsoft\WindowsApps;;."/>
    <property name="java.vm.info" value="mixed mode, sharing"/>
    <property name="stderr.encoding" value="Cp1251"/>
    <property name="java.vendor" value="Oracle Corporation"/>
    <property name="java.vm.version" value="22.0.2+9-70"/>
    <property name="sun.io.unicode.encoding" value="UnicodeLittle"/>
    <property name="java.class.version" value="66.0"/>
  </properties>
  <testcase name="testEditNonExistingTariff" classname="com.pplab4_8.mobileCommunication.commands.EditTariffTest" time="0.01">
    <system-out><![CDATA[[2024-12-09 20:54:02] [INFO] - Створено нову мобільну мережу з іменем за замовчуванням.
[2024-12-09 20:54:02] [INFO] - Створено сервіс мобільної мережі для мережі ''
[2024-12-09 20:54:02] [INFO] - Початок виконання команди 'Редагувати тариф'.
[2024-12-09 20:54:02] [INFO] - Користувач ввів назву тарифу для редагування: 'NonExistentTariff'
[2024-12-09 20:54:02] [WARN] - Тариф 'NonExistentTariff' не знайдено у мережі ''.
[2024-12-09 20:54:02] [WARN] - Тариф 'NonExistentTariff' не знайдено у мережі ''
[2024-12-09 20:54:02] [WARN] - Тариф з назвою 'NonExistentTariff' не знайдено.
[2024-12-09 20:54:02] [INFO] - Завершення виконання команди 'Редагувати тариф'.
]]></system-out>
  </testcase>
  <testcase name="testEditTariffSuccessForPrepaid" classname="com.pplab4_8.mobileCommunication.commands.EditTariffTest" time="0.021">
    <system-out><![CDATA[[2024-12-09 20:54:02] [INFO] - Створено нову мобільну мережу з іменем за замовчуванням.
[2024-12-09 20:54:02] [INFO] - Створено сервіс мобільної мережі для мережі ''
[2024-12-09 20:54:02] [INFO] - Створено новий тариф передплати: ім'я = 'Basic', місячна плата = 100.0, хвилини дзвінків = 200, гігабайти інтернету = 5.0
[2024-12-09 20:54:02] [INFO] - Додано новий тариф 'Basic' до мережі ''. Загальна кількість тарифів: 1.
[2024-12-09 20:54:02] [INFO] - Додано тариф 'Basic' до мережі ''
[2024-12-09 20:54:02] [INFO] - Початок виконання команди 'Редагувати тариф'.
[2024-12-09 20:54:02] [INFO] - Користувач ввів назву тарифу для редагування: 'Basic'
[2024-12-09 20:54:02] [INFO] - Знайдено тариф 'Basic' у мережі ''.
[2024-12-09 20:54:02] [INFO] - Знайдено тариф 'Basic' у мережі ''
[2024-12-09 20:54:02] [INFO] - Редагування тарифу: Тариф: Basic, Місячна плата: 100,00, Хвилини дзвінків: 200, Гігабайти інтернету: 5,00, Кількість клієнтів: 0
[2024-12-09 20:54:02] [INFO] - Встановлено нову назву тарифу: 'Premium'
[2024-12-09 20:54:02] [INFO] - Встановлено нову абонплату: 150.0
[2024-12-09 20:54:02] [INFO] - Встановлено нову кількість хвилин: 300
[2024-12-09 20:54:02] [INFO] - Встановлено нову кількість гігабайт: 10.0
[2024-12-09 20:54:02] [INFO] - Створено новий тариф передплати: ім'я = 'Premium', місячна плата = 150.0, хвилини дзвінків = 300, гігабайти інтернету = 10.0
[2024-12-09 20:54:02] [INFO] - Видалено тариф 'Basic' з мережі ''. Загальна кількість тарифів: 0.
[2024-12-09 20:54:02] [INFO] - Додано новий тариф 'Premium' до мережі ''. Загальна кількість тарифів: 1.
[2024-12-09 20:54:02] [INFO] - Оновлено тариф у мережі ''. Старий тариф: 'Basic', Новий тариф: 'Premium'
[2024-12-09 20:54:02] [INFO] - Тариф успішно оновлено: Тариф: Premium, Місячна плата: 150,00, Хвилини дзвінків: 300, Гігабайти інтернету: 10,00, Кількість клієнтів: 0
[2024-12-09 20:54:02] [INFO] - Завершення виконання команди 'Редагувати тариф'.
]]></system-out>
  </testcase>
  <testcase name="testEditTariffWithInvalidInput" classname="com.pplab4_8.mobileCommunication.commands.EditTariffTest" time="0.019">
    <system-out><![CDATA[[2024-12-09 20:54:02] [INFO] - Створено нову мобільну мережу з іменем за замовчуванням.
[2024-12-09 20:54:02] [INFO] - Створено сервіс мобільної мережі для мережі ''
[2024-12-09 20:54:02] [INFO] - Створено новий тариф передплати: ім'я = 'Basic', місячна плата = 100.0, хвилини дзвінків = 200, гігабайти інтернету = 5.0
[2024-12-09 20:54:02] [INFO] - Додано новий тариф 'Basic' до мережі ''. Загальна кількість тарифів: 1.
[2024-12-09 20:54:02] [INFO] - Додано тариф 'Basic' до мережі ''
[2024-12-09 20:54:02] [INFO] - Початок виконання команди 'Редагувати тариф'.
[2024-12-09 20:54:02] [INFO] - Користувач ввів назву тарифу для редагування: 'Basic'
[2024-12-09 20:54:02] [INFO] - Знайдено тариф 'Basic' у мережі ''.
[2024-12-09 20:54:02] [INFO] - Знайдено тариф 'Basic' у мережі ''
[2024-12-09 20:54:02] [INFO] - Редагування тарифу: Тариф: Basic, Місячна плата: 100,00, Хвилини дзвінків: 200, Гігабайти інтернету: 5,00, Кількість клієнтів: 0
[2024-12-09 20:54:02] [INFO] - Встановлено нову назву тарифу: 'Basic'
[2024-12-09 20:54:02] [WARN] - Помилка перетворення 'invalid', очікувалося дійсне число.
[2024-12-09 20:54:02] [INFO] - Встановлено нову абонплату: 100.0
[2024-12-09 20:54:02] [WARN] - Помилка перетворення 'invalid', очікувалося ціле число.
[2024-12-09 20:54:02] [INFO] - Встановлено нову кількість хвилин: 200
[2024-12-09 20:54:02] [WARN] - Користувач не ввів дійсне число.
[2024-12-09 20:54:02] [INFO] - Встановлено нову кількість гігабайт: 5.0
[2024-12-09 20:54:02] [INFO] - Створено новий тариф передплати: ім'я = 'Basic', місячна плата = 100.0, хвилини дзвінків = 200, гігабайти інтернету = 5.0
[2024-12-09 20:54:02] [INFO] - Видалено тариф 'Basic' з мережі ''. Загальна кількість тарифів: 0.
[2024-12-09 20:54:02] [INFO] - Додано новий тариф 'Basic' до мережі ''. Загальна кількість тарифів: 1.
[2024-12-09 20:54:02] [INFO] - Оновлено тариф у мережі ''. Старий тариф: 'Basic', Новий тариф: 'Basic'
[2024-12-09 20:54:02] [INFO] - Тариф успішно оновлено: Тариф: Basic, Місячна плата: 100,00, Хвилини дзвінків: 200, Гігабайти інтернету: 5,00, Кількість клієнтів: 0
[2024-12-09 20:54:02] [INFO] - Завершення виконання команди 'Редагувати тариф'.
]]></system-out>
  </testcase>
  <testcase name="testEditTariffWithEmptyFields" classname="com.pplab4_8.mobileCommunication.commands.EditTariffTest" time="0.015">
    <system-out><![CDATA[[2024-12-09 20:54:02] [INFO] - Створено нову мобільну мережу з іменем за замовчуванням.
[2024-12-09 20:54:02] [INFO] - Створено сервіс мобільної мережі для мережі ''
[2024-12-09 20:54:02] [INFO] - Створено новий тариф передплати: ім'я = 'Basic', місячна плата = 100.0, хвилини дзвінків = 200, гігабайти інтернету = 5.0
[2024-12-09 20:54:02] [INFO] - Додано новий тариф 'Basic' до мережі ''. Загальна кількість тарифів: 1.
[2024-12-09 20:54:02] [INFO] - Додано тариф 'Basic' до мережі ''
[2024-12-09 20:54:02] [INFO] - Початок виконання команди 'Редагувати тариф'.
[2024-12-09 20:54:02] [INFO] - Користувач ввів назву тарифу для редагування: 'Basic'
[2024-12-09 20:54:02] [INFO] - Знайдено тариф 'Basic' у мережі ''.
[2024-12-09 20:54:02] [INFO] - Знайдено тариф 'Basic' у мережі ''
[2024-12-09 20:54:02] [INFO] - Редагування тарифу: Тариф: Basic, Місячна плата: 100,00, Хвилини дзвінків: 200, Гігабайти інтернету: 5,00, Кількість клієнтів: 0
[2024-12-09 20:54:02] [INFO] - Встановлено нову назву тарифу: 'Basic'
[2024-12-09 20:54:02] [INFO] - Встановлено нову абонплату: 100.0
[2024-12-09 20:54:02] [INFO] - Встановлено нову кількість хвилин: 200
[2024-12-09 20:54:02] [INFO] - Встановлено нову кількість гігабайт: 5.0
[2024-12-09 20:54:02] [INFO] - Створено новий тариф передплати: ім'я = 'Basic', місячна плата = 100.0, хвилини дзвінків = 200, гігабайти інтернету = 5.0
[2024-12-09 20:54:02] [INFO] - Видалено тариф 'Basic' з мережі ''. Загальна кількість тарифів: 0.
[2024-12-09 20:54:02] [INFO] - Додано новий тариф 'Basic' до мережі ''. Загальна кількість тарифів: 1.
[2024-12-09 20:54:02] [INFO] - Оновлено тариф у мережі ''. Старий тариф: 'Basic', Новий тариф: 'Basic'
[2024-12-09 20:54:02] [INFO] - Тариф успішно оновлено: Тариф: Basic, Місячна плата: 100,00, Хвилини дзвінків: 200, Гігабайти інтернету: 5,00, Кількість клієнтів: 0
[2024-12-09 20:54:02] [INFO] - Завершення виконання команди 'Редагувати тариф'.
]]></system-out>
  </testcase>
  <testcase name="testEditTariffSuccessForContract" classname="com.pplab4_8.mobileCommunication.commands.EditTariffTest" time="0.018">
    <system-out><![CDATA[[2024-12-09 20:54:02] [INFO] - Створено нову мобільну мережу з іменем за замовчуванням.
[2024-12-09 20:54:02] [INFO] - Створено сервіс мобільної мережі для мережі ''
[2024-12-09 20:54:02] [INFO] - Створено новий тариф передплати: ім'я = 'Contract Basic', місячна плата = 200.0, хвилини дзвінків = 400, гігабайти інтернету = 15.0
[2024-12-09 20:54:02] [INFO] - Створено новий контрактний тариф: ім'я = 'Contract Basic', місячна плата = 200.0, хвилини дзвінків = 400, гігабайти інтернету = 15.0, додаткові послуги = 'Basic Services'
[2024-12-09 20:54:02] [INFO] - Додано новий тариф 'Contract Basic' до мережі ''. Загальна кількість тарифів: 1.
[2024-12-09 20:54:02] [INFO] - Додано тариф 'Contract Basic' до мережі ''
[2024-12-09 20:54:02] [INFO] - Початок виконання команди 'Редагувати тариф'.
[2024-12-09 20:54:02] [INFO] - Користувач ввів назву тарифу для редагування: 'Contract Basic'
[2024-12-09 20:54:02] [INFO] - Знайдено тариф 'Contract Basic' у мережі ''.
[2024-12-09 20:54:02] [INFO] - Знайдено тариф 'Contract Basic' у мережі ''
[2024-12-09 20:54:02] [INFO] - Редагування тарифу: Тариф: Contract Basic, Місячна плата: 200,00, Хвилини дзвінків: 400, Гігабайти інтернету: 15,00, Кількість клієнтів: 0, Додаткові послуги: Basic Services
[2024-12-09 20:54:02] [INFO] - Встановлено нову назву тарифу: 'Contract Premium'
[2024-12-09 20:54:02] [INFO] - Встановлено нову абонплату: 250.0
[2024-12-09 20:54:02] [INFO] - Встановлено нову кількість хвилин: 500
[2024-12-09 20:54:02] [INFO] - Встановлено нову кількість гігабайт: 20.0
[2024-12-09 20:54:02] [INFO] - Створено новий тариф передплати: ім'я = 'Contract Premium', місячна плата = 250.0, хвилини дзвінків = 500, гігабайти інтернету = 20.0
[2024-12-09 20:54:02] [INFO] - Створено новий контрактний тариф: ім'я = 'Contract Premium', місячна плата = 250.0, хвилини дзвінків = 500, гігабайти інтернету = 20.0, додаткові послуги = 'Premium Services'
[2024-12-09 20:54:02] [INFO] - Встановлено нові додаткові послуги: Premium Services
[2024-12-09 20:54:02] [INFO] - Видалено тариф 'Contract Basic' з мережі ''. Загальна кількість тарифів: 0.
[2024-12-09 20:54:02] [INFO] - Додано новий тариф 'Contract Premium' до мережі ''. Загальна кількість тарифів: 1.
[2024-12-09 20:54:02] [INFO] - Оновлено тариф у мережі ''. Старий тариф: 'Contract Basic', Новий тариф: 'Contract Premium'
[2024-12-09 20:54:02] [INFO] - Тариф успішно оновлено: Тариф: Contract Premium, Місячна плата: 250,00, Хвилини дзвінків: 500, Гігабайти інтернету: 20,00, Кількість клієнтів: 0, Додаткові послуги: Premium Services
[2024-12-09 20:54:02] [INFO] - Завершення виконання команди 'Редагувати тариф'.
]]></system-out>
  </testcase>
  <testcase name="testGetName" classname="com.pplab4_8.mobileCommunication.commands.EditTariffTest" time="0.005">
    <system-out><![CDATA[[2024-12-09 20:54:02] [INFO] - Створено нову мобільну мережу з іменем за замовчуванням.
[2024-12-09 20:54:02] [INFO] - Створено сервіс мобільної мережі для мережі ''
[2024-12-09 20:54:02] [INFO] - Створено нову мобільну мережу з іменем за замовчуванням.
[2024-12-09 20:54:02] [INFO] - Створено сервіс мобільної мережі для мережі ''
]]></system-out>
  </testcase>
</testsuite>